<?xml version="1.0" encoding="UTF-8"?>

<blueprint xmlns="http://www.osgi.org/xmlns/blueprint/v1.0.0"
	xmlns:cm="http://aries.apache.org/blueprint/xmlns/blueprint-cm/v1.1.0"
	xmlns:xsi="http://www.w3.org/2001/XMLSchema-instance"
	xsi:schemaLocation="http://www.osgi.org/xmlns/blueprint/v1.0.0 http://www.osgi.org/xmlns/blueprint/v1.0.0/blueprint.xsd">

	<camelContext xmlns="http://camel.apache.org/schema/blueprint">
		<route>
			<from uri="activemq:queue:handleEvent" />
			<bean ref="loginMsQueryHandler" method="handleEvent" />
		</route>
		
		<route>
			<from uri="activemq:queue:getUserDetails" />
			<bean ref="loginMsQueryService" method="getUserDetails" />
		</route>
	</camelContext>

	<bean id="loginMsQueryHandler" class="com.stpl.hr.login.domain.query.handler.LoginMSUserQueryHandler" />
	<bean id="loginMsQueryService" class="com.stpl.hr.login.domain.query.service.LoginMSUserQueryService" />
</blueprint>
